info it worked if it ends with ok
verbose cli [ 'node', '/usr/local/bin/npm', 'install', 'client' ]
info using npm@1.0.1rc7
info using node@v0.4.5
verbose /usr/local/bin/node node symlink
verbose config file /Users/Jeroen/.npmrc
verbose config file /usr/local/etc/npmrc
silly testEngine { name: 'express',
silly testEngine   description: 'Sinatra inspired web development framework',
silly testEngine   version: '2.2.1',
silly testEngine   author: 
silly testEngine    { name: 'TJ Holowaychuk',
silly testEngine      email: 'tj@vision-media.ca' },
silly testEngine   contributors: 
silly testEngine    [ { name: 'TJ Holowaychuk',
silly testEngine        email: 'tj@vision-media.ca' },
silly testEngine      { name: 'Aaron Heckmann',
silly testEngine        email: 'aaron.heckmann+github@gmail.com' },
silly testEngine      { name: 'Ciaran Jessup', email: 'ciaranj@gmail.com' },
silly testEngine      { name: 'Guillermo Rauch', email: 'rauchg@gmail.com' } ],
silly testEngine   dependencies: 
silly testEngine    { connect: '>= 1.2.0 < 2.0.0',
silly testEngine      mime: '>= 0.0.1',
silly testEngine      qs: '>= 0.0.6' },
silly testEngine   keywords: [ 'framework', 'sinatra', 'web', 'rest', 'restful' ],
silly testEngine   repository: 
silly testEngine    { type: 'git',
silly testEngine      url: 'git://github.com/visionmedia/express.git' },
silly testEngine   main: 'index',
silly testEngine   bin: { express: './bin/express' },
silly testEngine   engines: { node: '>= 0.4.1 < 0.5.0' },
silly testEngine   devDependencies: {},
silly testEngine   _id: 'express@2.2.1',
silly testEngine   _engineSupported: true,
silly testEngine   _npmVersion: '1.0.1rc7',
silly testEngine   _nodeVersion: 'v0.4.5',
silly testEngine   _defaultsLoaded: true }
verbose caching /Users/Jeroen/Dropbox/Private/development/online/nodejs-logr/frontend/node_modules/express/package.json
verbose loadDefaults express@2.2.1
silly testEngine { name: 'hamljs',
silly testEngine   description: 'Faster / Express compliant Haml implementation',
silly testEngine   version: '0.5.1',
silly testEngine   repository: 
silly testEngine    { type: 'git',
silly testEngine      url: 'git://github.com/visionmedia/haml.js.git' },
silly testEngine   author: 
silly testEngine    { name: 'TJ Holowaychuk',
silly testEngine      email: 'tj@vision-media.ca',
silly testEngine      url: 'http://tjholowaychuk.com' },
silly testEngine   main: 'index',
silly testEngine   engines: { node: '0.4.x' },
silly testEngine   dependencies: {},
silly testEngine   devDependencies: {},
silly testEngine   _id: 'hamljs@0.5.1',
silly testEngine   _engineSupported: true,
silly testEngine   _npmVersion: '1.0.1rc7',
silly testEngine   _nodeVersion: 'v0.4.5',
silly testEngine   _defaultsLoaded: true }
verbose caching /Users/Jeroen/Dropbox/Private/development/online/nodejs-logr/frontend/node_modules/hamljs/package.json
verbose loadDefaults hamljs@0.5.1
silly testEngine { name: 'mongoose',
silly testEngine   description: 'Mongoose MongoDB ORM',
silly testEngine   version: '1.1.25',
silly testEngine   author: 
silly testEngine    { name: 'Guillermo Rauch',
silly testEngine      email: 'guillermo@learnboost.com' },
silly testEngine   keywords: 
silly testEngine    [ 'mongodb',
silly testEngine      'mongoose',
silly testEngine      'orm',
silly testEngine      'data',
silly testEngine      'datastore',
silly testEngine      'nosql' ],
silly testEngine   dependencies: {},
silly testEngine   directories: { lib: './lib/mongoose' },
silly testEngine   scripts: { test: 'make test' },
silly testEngine   main: './index.js',
silly testEngine   engines: { node: '>= 0.2.0' },
silly testEngine   devDependencies: {},
silly testEngine   _id: 'mongoose@1.1.25',
silly testEngine   _engineSupported: true,
silly testEngine   _npmVersion: '1.0.1rc7',
silly testEngine   _nodeVersion: 'v0.4.5',
silly testEngine   _defaultsLoaded: true }
verbose caching /Users/Jeroen/Dropbox/Private/development/online/nodejs-logr/frontend/node_modules/mongoose/package.json
verbose loadDefaults mongoose@1.1.25
silly testEngine { name: 'vows',
silly testEngine   description: 'Asynchronous BDD & continuous integration for node.js',
silly testEngine   url: 'http://vowsjs.org',
silly testEngine   keywords: [ 'testing', 'spec', 'test', 'BDD' ],
silly testEngine   author: 
silly testEngine    { name: 'Alexis Sellier',
silly testEngine      email: 'self@cloudhead.net' },
silly testEngine   contributors: [],
silly testEngine   dependencies: { eyes: '>=0.1.6' },
silly testEngine   main: './lib/vows',
silly testEngine   bin: { vows: './bin/vows' },
silly testEngine   directories: { test: './test' },
silly testEngine   version: '0.5.8',
silly testEngine   engines: { node: '>=0.2.6' },
silly testEngine   devDependencies: {},
silly testEngine   _id: 'vows@0.5.8',
silly testEngine   _engineSupported: true,
silly testEngine   _npmVersion: '1.0.1rc7',
silly testEngine   _nodeVersion: 'v0.4.5',
silly testEngine   _defaultsLoaded: true }
verbose caching /Users/Jeroen/Dropbox/Private/development/online/nodejs-logr/frontend/node_modules/vows/package.json
verbose loadDefaults vows@0.5.8
verbose into /Users/Jeroen/Dropbox/Private/development/online/nodejs-logr/frontend [ 'client' ]
verbose cache add [ 'client', null ]
info addNamed [ 'client', '' ]
verbose addNamed [ null, '' ]
verbose GET client
verbose raw, before any munging client
verbose url resolving [ 'http://registry.npmjs.org/', './client' ]
verbose url resolved http://registry.npmjs.org/client
verbose url parsed { protocol: 'http:',
verbose url parsed   slashes: true,
verbose url parsed   host: 'registry.npmjs.org',
verbose url parsed   hostname: 'registry.npmjs.org',
verbose url parsed   pathname: '/client',
verbose url parsed   href: 'http://registry.npmjs.org/client' }
verbose response http://registry.npmjs.org/client
silly chunk {"error":"not_found","reason":"document not found"}
silly chunk 
silly get cb [ 404,
silly get cb   { server: 'CouchDB/1.0.1 (Erlang OTP/R14B)',
silly get cb     date: 'Sun, 10 Apr 2011 20:55:47 GMT',
silly get cb     'content-type': 'application/json',
silly get cb     'content-length': '52',
silly get cb     'cache-control': 'must-revalidate' } ]
ERR! 404 'client' is not in the npm registry.
ERR! 404 You should bug the author to publish it.
ERR! 404 Note that you can also install from a tarball or folder.
ERR! 
ERR! System Darwin 10.6.0
ERR! command "node" "/usr/local/bin/npm" "install" "client"
verbose exit [ 1, true ]
